app/build/intermediates/manifest_merge_blame_file/debug/manifest-merger-blame-debug-report.txt
1<?xml version="1.0" encoding="utf-8"?>
2<manifest xmlns:android="http://schemas.android.com/apk/res/android"
3    package="com.example.urlimagewidget"
4    android:versionCode="5"
5    android:versionName="1.0.4" >
6
7    <uses-sdk
8        android:minSdkVersion="26"
9        android:targetSdkVersion="34" />
10
11    <uses-permission android:name="android.permission.INTERNET" />
11-->src/main/AndroidManifest.xml:4:5-67
11-->src/main/AndroidManifest.xml:4:22-64
12    <uses-permission android:name="android.permission.WAKE_LOCK" />
12-->[androidx.work:work-runtime:2.9.0] AndroidManifest.xml:23:5-68
12-->[androidx.work:work-runtime:2.9.0] AndroidManifest.xml:23:22-65
13    <uses-permission android:name="android.permission.ACCESS_NETWORK_STATE" />
13-->[androidx.work:work-runtime:2.9.0] AndroidManifest.xml:24:5-79
13-->[androidx.work:work-runtime:2.9.0] AndroidManifest.xml:24:22-76
14    <uses-permission android:name="android.permission.RECEIVE_BOOT_COMPLETED" />
14-->[androidx.work:work-runtime:2.9.0] AndroidManifest.xml:25:5-81
14-->[androidx.work:work-runtime:2.9.0] AndroidManifest.xml:25:22-78
15    <uses-permission android:name="android.permission.FOREGROUND_SERVICE" />
15-->[androidx.work:work-runtime:2.9.0] AndroidManifest.xml:26:5-77
15-->[androidx.work:work-runtime:2.9.0] AndroidManifest.xml:26:22-74
16
17    <permission
17-->[androidx.core:core:1.12.0] AndroidManifest.xml:22:5-24:47
18        android:name="com.example.urlimagewidget.DYNAMIC_RECEIVER_NOT_EXPORTED_PERMISSION"
18-->[androidx.core:core:1.12.0] AndroidManifest.xml:23:9-81
19        android:protectionLevel="signature" />
19-->[androidx.core:core:1.12.0] AndroidManifest.xml:24:9-44
20
21    <uses-permission android:name="com.example.urlimagewidget.DYNAMIC_RECEIVER_NOT_EXPORTED_PERMISSION" />
21-->[androidx.core:core:1.12.0] AndroidManifest.xml:26:5-97
21-->[androidx.core:core:1.12.0] AndroidManifest.xml:26:22-94
22
23    <application
23-->src/main/AndroidManifest.xml:6:5-94:19
24        android:allowBackup="true"
24-->src/main/AndroidManifest.xml:7:9-35
25        android:appComponentFactory="androidx.core.app.CoreComponentFactory"
25-->[androidx.core:core:1.12.0] AndroidManifest.xml:28:18-86
26        android:debuggable="true"
27        android:extractNativeLibs="false"
28        android:icon="@mipmap/ic_launcher"
28-->src/main/AndroidManifest.xml:8:9-43
29        android:label="URL Image Widget"
29-->src/main/AndroidManifest.xml:10:9-41
30        android:roundIcon="@mipmap/ic_launcher_round"
30-->src/main/AndroidManifest.xml:9:9-54
31        android:supportsRtl="true"
31-->src/main/AndroidManifest.xml:11:9-35
32        android:theme="@style/Theme.Material3.DayNight" >
32-->src/main/AndroidManifest.xml:12:9-56
33
34        <!-- Launcher Activity -->
35        <activity
35-->src/main/AndroidManifest.xml:15:9-22:20
36            android:name="com.example.urlimagewidget.MainActivity"
36-->src/main/AndroidManifest.xml:16:13-41
37            android:exported="true" >
37-->src/main/AndroidManifest.xml:17:13-36
38            <intent-filter>
38-->src/main/AndroidManifest.xml:18:13-21:29
39                <action android:name="android.intent.action.MAIN" />
39-->src/main/AndroidManifest.xml:19:17-69
39-->src/main/AndroidManifest.xml:19:25-66
40
41                <category android:name="android.intent.category.LAUNCHER" />
41-->src/main/AndroidManifest.xml:20:17-77
41-->src/main/AndroidManifest.xml:20:27-74
42            </intent-filter>
43        </activity>
44
45        <!-- Widget Configuration Activity -->
46        <activity
46-->src/main/AndroidManifest.xml:25:9-31:20
47            android:name="com.example.urlimagewidget.WidgetConfigurationActivity"
47-->src/main/AndroidManifest.xml:26:13-56
48            android:exported="true" >
48-->src/main/AndroidManifest.xml:27:13-36
49            <intent-filter>
49-->src/main/AndroidManifest.xml:28:13-30:29
50                <action android:name="android.appwidget.action.APPWIDGET_CONFIGURE" />
50-->src/main/AndroidManifest.xml:29:17-87
50-->src/main/AndroidManifest.xml:29:25-84
51            </intent-filter>
52        </activity>
53        <!-- Blur Activity -->
54        <activity
54-->src/main/AndroidManifest.xml:33:9-35:40
55            android:name="com.example.urlimagewidget.BlurActivity"
55-->src/main/AndroidManifest.xml:34:13-41
56            android:exported="false" />
56-->src/main/AndroidManifest.xml:35:13-37
57
58        <!-- Widget Broadcast Receiver -->
59        <receiver
59-->src/main/AndroidManifest.xml:38:9-50:20
60            android:name="com.example.urlimagewidget.ImageWidgetProvider"
60-->src/main/AndroidManifest.xml:39:13-48
61            android:exported="true" >
61-->src/main/AndroidManifest.xml:40:13-36
62            <intent-filter>
62-->src/main/AndroidManifest.xml:41:13-45:29
63                <action android:name="android.appwidget.action.APPWIDGET_UPDATE" />
63-->src/main/AndroidManifest.xml:42:17-84
63-->src/main/AndroidManifest.xml:42:25-81
64                <!-- Custom refresh intent -->
65                <action android:name="com.example.urlimagewidget.REFRESH" />
65-->src/main/AndroidManifest.xml:44:17-77
65-->src/main/AndroidManifest.xml:44:25-74
66            </intent-filter>
67
68            <meta-data
68-->src/main/AndroidManifest.xml:47:13-49:61
69                android:name="android.appwidget.provider"
69-->src/main/AndroidManifest.xml:48:17-58
70                android:resource="@xml/image_widget_info" />
70-->src/main/AndroidManifest.xml:49:17-58
71        </receiver>
72
73        <!-- Widget 2 Broadcast Receiver -->
74        <receiver
74-->src/main/AndroidManifest.xml:53:9-64:20
75            android:name="com.example.urlimagewidget.ImageWidgetProvider2"
75-->src/main/AndroidManifest.xml:54:13-49
76            android:exported="true" >
76-->src/main/AndroidManifest.xml:55:13-36
77            <intent-filter>
77-->src/main/AndroidManifest.xml:41:13-45:29
78                <action android:name="android.appwidget.action.APPWIDGET_UPDATE" />
78-->src/main/AndroidManifest.xml:42:17-84
78-->src/main/AndroidManifest.xml:42:25-81
79                <action android:name="com.example.urlimagewidget.REFRESH" />
79-->src/main/AndroidManifest.xml:44:17-77
79-->src/main/AndroidManifest.xml:44:25-74
80            </intent-filter>
81
82            <meta-data
82-->src/main/AndroidManifest.xml:47:13-49:61
83                android:name="android.appwidget.provider"
83-->src/main/AndroidManifest.xml:48:17-58
84                android:resource="@xml/image_widget_info_2" />
84-->src/main/AndroidManifest.xml:49:17-58
85        </receiver>
86
87        <!-- Widget 3 Broadcast Receiver -->
88        <receiver
88-->src/main/AndroidManifest.xml:67:9-78:20
89            android:name="com.example.urlimagewidget.ImageWidgetProvider3"
89-->src/main/AndroidManifest.xml:68:13-49
90            android:exported="true" >
90-->src/main/AndroidManifest.xml:69:13-36
91            <intent-filter>
91-->src/main/AndroidManifest.xml:41:13-45:29
92                <action android:name="android.appwidget.action.APPWIDGET_UPDATE" />
92-->src/main/AndroidManifest.xml:42:17-84
92-->src/main/AndroidManifest.xml:42:25-81
93                <action android:name="com.example.urlimagewidget.REFRESH" />
93-->src/main/AndroidManifest.xml:44:17-77
93-->src/main/AndroidManifest.xml:44:25-74
94            </intent-filter>
95
96            <meta-data
96-->src/main/AndroidManifest.xml:47:13-49:61
97                android:name="android.appwidget.provider"
97-->src/main/AndroidManifest.xml:48:17-58
98                android:resource="@xml/image_widget_info_3" />
98-->src/main/AndroidManifest.xml:49:17-58
99        </receiver>
100
101        <!-- Widget 4 Broadcast Receiver -->
102        <receiver
102-->src/main/AndroidManifest.xml:81:9-92:20
103            android:name="com.example.urlimagewidget.ImageWidgetProvider4"
103-->src/main/AndroidManifest.xml:82:13-49
104            android:exported="true" >
104-->src/main/AndroidManifest.xml:83:13-36
105            <intent-filter>
105-->src/main/AndroidManifest.xml:41:13-45:29
106                <action android:name="android.appwidget.action.APPWIDGET_UPDATE" />
106-->src/main/AndroidManifest.xml:42:17-84
106-->src/main/AndroidManifest.xml:42:25-81
107                <action android:name="com.example.urlimagewidget.REFRESH" />
107-->src/main/AndroidManifest.xml:44:17-77
107-->src/main/AndroidManifest.xml:44:25-74
108            </intent-filter>
109
110            <meta-data
110-->src/main/AndroidManifest.xml:47:13-49:61
111                android:name="android.appwidget.provider"
111-->src/main/AndroidManifest.xml:48:17-58
112                android:resource="@xml/image_widget_info_4" />
112-->src/main/AndroidManifest.xml:49:17-58
113        </receiver>
114
115        <provider
115-->[androidx.emoji2:emoji2:1.2.0] AndroidManifest.xml:24:9-32:20
116            android:name="androidx.startup.InitializationProvider"
116-->[androidx.emoji2:emoji2:1.2.0] AndroidManifest.xml:25:13-67
117            android:authorities="com.example.urlimagewidget.androidx-startup"
117-->[androidx.emoji2:emoji2:1.2.0] AndroidManifest.xml:26:13-68
118            android:exported="false" >
118-->[androidx.emoji2:emoji2:1.2.0] AndroidManifest.xml:27:13-37
119            <meta-data
119-->[androidx.emoji2:emoji2:1.2.0] AndroidManifest.xml:29:13-31:52
120                android:name="androidx.emoji2.text.EmojiCompatInitializer"
120-->[androidx.emoji2:emoji2:1.2.0] AndroidManifest.xml:30:17-75
121                android:value="androidx.startup" />
121-->[androidx.emoji2:emoji2:1.2.0] AndroidManifest.xml:31:17-49
122            <meta-data
122-->[androidx.work:work-runtime:2.9.0] AndroidManifest.xml:34:13-36:52
123                android:name="androidx.work.WorkManagerInitializer"
123-->[androidx.work:work-runtime:2.9.0] AndroidManifest.xml:35:17-68
124                android:value="androidx.startup" />
124-->[androidx.work:work-runtime:2.9.0] AndroidManifest.xml:36:17-49
125            <meta-data
125-->[androidx.lifecycle:lifecycle-process:2.6.1] AndroidManifest.xml:29:13-31:52
126                android:name="androidx.lifecycle.ProcessLifecycleInitializer"
126-->[androidx.lifecycle:lifecycle-process:2.6.1] AndroidManifest.xml:30:17-78
127                android:value="androidx.startup" />
127-->[androidx.lifecycle:lifecycle-process:2.6.1] AndroidManifest.xml:31:17-49
128            <meta-data
128-->[androidx.profileinstaller:profileinstaller:1.3.0] AndroidManifest.xml:29:13-31:52
129                android:name="androidx.profileinstaller.ProfileInstallerInitializer"
129-->[androidx.profileinstaller:profileinstaller:1.3.0] AndroidManifest.xml:30:17-85
130                android:value="androidx.startup" />
130-->[androidx.profileinstaller:profileinstaller:1.3.0] AndroidManifest.xml:31:17-49
131        </provider>
132
133        <service
133-->[androidx.work:work-runtime:2.9.0] AndroidManifest.xml:39:9-45:35
134            android:name="androidx.work.impl.background.systemalarm.SystemAlarmService"
134-->[androidx.work:work-runtime:2.9.0] AndroidManifest.xml:40:13-88
135            android:directBootAware="false"
135-->[androidx.work:work-runtime:2.9.0] AndroidManifest.xml:41:13-44
136            android:enabled="@bool/enable_system_alarm_service_default"
136-->[androidx.work:work-runtime:2.9.0] AndroidManifest.xml:42:13-72
137            android:exported="false" />
137-->[androidx.work:work-runtime:2.9.0] AndroidManifest.xml:43:13-37
138        <service
138-->[androidx.work:work-runtime:2.9.0] AndroidManifest.xml:46:9-52:35
139            android:name="androidx.work.impl.background.systemjob.SystemJobService"
139-->[androidx.work:work-runtime:2.9.0] AndroidManifest.xml:47:13-84
140            android:directBootAware="false"
140-->[androidx.work:work-runtime:2.9.0] AndroidManifest.xml:48:13-44
141            android:enabled="@bool/enable_system_job_service_default"
141-->[androidx.work:work-runtime:2.9.0] AndroidManifest.xml:49:13-70
142            android:exported="true"
142-->[androidx.work:work-runtime:2.9.0] AndroidManifest.xml:50:13-36
143            android:permission="android.permission.BIND_JOB_SERVICE" />
143-->[androidx.work:work-runtime:2.9.0] AndroidManifest.xml:51:13-69
144        <service
144-->[androidx.work:work-runtime:2.9.0] AndroidManifest.xml:53:9-59:35
145            android:name="androidx.work.impl.foreground.SystemForegroundService"
145-->[androidx.work:work-runtime:2.9.0] AndroidManifest.xml:54:13-81
146            android:directBootAware="false"
146-->[androidx.work:work-runtime:2.9.0] AndroidManifest.xml:55:13-44
147            android:enabled="@bool/enable_system_foreground_service_default"
147-->[androidx.work:work-runtime:2.9.0] AndroidManifest.xml:56:13-77
148            android:exported="false" />
148-->[androidx.work:work-runtime:2.9.0] AndroidManifest.xml:57:13-37
149
150        <receiver
150-->[androidx.work:work-runtime:2.9.0] AndroidManifest.xml:61:9-66:35
151            android:name="androidx.work.impl.utils.ForceStopRunnable$BroadcastReceiver"
151-->[androidx.work:work-runtime:2.9.0] AndroidManifest.xml:62:13-88
152            android:directBootAware="false"
152-->[androidx.work:work-runtime:2.9.0] AndroidManifest.xml:63:13-44
153            android:enabled="true"
153-->[androidx.work:work-runtime:2.9.0] AndroidManifest.xml:64:13-35
154            android:exported="false" />
154-->[androidx.work:work-runtime:2.9.0] AndroidManifest.xml:65:13-37
155        <receiver
155-->[androidx.work:work-runtime:2.9.0] AndroidManifest.xml:67:9-77:20
156            android:name="androidx.work.impl.background.systemalarm.ConstraintProxy$BatteryChargingProxy"
156-->[androidx.work:work-runtime:2.9.0] AndroidManifest.xml:68:13-106
157            android:directBootAware="false"
157-->[androidx.work:work-runtime:2.9.0] AndroidManifest.xml:69:13-44
158            android:enabled="false"
158-->[androidx.work:work-runtime:2.9.0] AndroidManifest.xml:70:13-36
159            android:exported="false" >
159-->[androidx.work:work-runtime:2.9.0] AndroidManifest.xml:71:13-37
160            <intent-filter>
160-->[androidx.work:work-runtime:2.9.0] AndroidManifest.xml:73:13-76:29
161                <action android:name="android.intent.action.ACTION_POWER_CONNECTED" />
161-->[androidx.work:work-runtime:2.9.0] AndroidManifest.xml:74:17-87
161-->[androidx.work:work-runtime:2.9.0] AndroidManifest.xml:74:25-84
162                <action android:name="android.intent.action.ACTION_POWER_DISCONNECTED" />
162-->[androidx.work:work-runtime:2.9.0] AndroidManifest.xml:75:17-90
162-->[androidx.work:work-runtime:2.9.0] AndroidManifest.xml:75:25-87
163            </intent-filter>
164        </receiver>
165        <receiver
165-->[androidx.work:work-runtime:2.9.0] AndroidManifest.xml:78:9-88:20
166            android:name="androidx.work.impl.background.systemalarm.ConstraintProxy$BatteryNotLowProxy"
166-->[androidx.work:work-runtime:2.9.0] AndroidManifest.xml:79:13-104
167            android:directBootAware="false"
167-->[androidx.work:work-runtime:2.9.0] AndroidManifest.xml:80:13-44
168            android:enabled="false"
168-->[androidx.work:work-runtime:2.9.0] AndroidManifest.xml:81:13-36
169            android:exported="false" >
169-->[androidx.work:work-runtime:2.9.0] AndroidManifest.xml:82:13-37
170            <intent-filter>
170-->[androidx.work:work-runtime:2.9.0] AndroidManifest.xml:84:13-87:29
171                <action android:name="android.intent.action.BATTERY_OKAY" />
171-->[androidx.work:work-runtime:2.9.0] AndroidManifest.xml:85:17-77
171-->[androidx.work:work-runtime:2.9.0] AndroidManifest.xml:85:25-74
172                <action android:name="android.intent.action.BATTERY_LOW" />
172-->[androidx.work:work-runtime:2.9.0] AndroidManifest.xml:86:17-76
172-->[androidx.work:work-runtime:2.9.0] AndroidManifest.xml:86:25-73
173            </intent-filter>
174        </receiver>
175        <receiver
175-->[androidx.work:work-runtime:2.9.0] AndroidManifest.xml:89:9-99:20
176            android:name="androidx.work.impl.background.systemalarm.ConstraintProxy$StorageNotLowProxy"
176-->[androidx.work:work-runtime:2.9.0] AndroidManifest.xml:90:13-104
177            android:directBootAware="false"
177-->[androidx.work:work-runtime:2.9.0] AndroidManifest.xml:91:13-44
178            android:enabled="false"
178-->[androidx.work:work-runtime:2.9.0] AndroidManifest.xml:92:13-36
179            android:exported="false" >
179-->[androidx.work:work-runtime:2.9.0] AndroidManifest.xml:93:13-37
180            <intent-filter>
180-->[androidx.work:work-runtime:2.9.0] AndroidManifest.xml:95:13-98:29
181                <action android:name="android.intent.action.DEVICE_STORAGE_LOW" />
181-->[androidx.work:work-runtime:2.9.0] AndroidManifest.xml:96:17-83
181-->[androidx.work:work-runtime:2.9.0] AndroidManifest.xml:96:25-80
182                <action android:name="android.intent.action.DEVICE_STORAGE_OK" />
182-->[androidx.work:work-runtime:2.9.0] AndroidManifest.xml:97:17-82
182-->[androidx.work:work-runtime:2.9.0] AndroidManifest.xml:97:25-79
183            </intent-filter>
184        </receiver>
185        <receiver
185-->[androidx.work:work-runtime:2.9.0] AndroidManifest.xml:100:9-109:20
186            android:name="androidx.work.impl.background.systemalarm.ConstraintProxy$NetworkStateProxy"
186-->[androidx.work:work-runtime:2.9.0] AndroidManifest.xml:101:13-103
187            android:directBootAware="false"
187-->[androidx.work:work-runtime:2.9.0] AndroidManifest.xml:102:13-44
188            android:enabled="false"
188-->[androidx.work:work-runtime:2.9.0] AndroidManifest.xml:103:13-36
189            android:exported="false" >
189-->[androidx.work:work-runtime:2.9.0] AndroidManifest.xml:104:13-37
190            <intent-filter>
190-->[androidx.work:work-runtime:2.9.0] AndroidManifest.xml:106:13-108:29
191                <action android:name="android.net.conn.CONNECTIVITY_CHANGE" />
191-->[androidx.work:work-runtime:2.9.0] AndroidManifest.xml:107:17-79
191-->[androidx.work:work-runtime:2.9.0] AndroidManifest.xml:107:25-76
192            </intent-filter>
193        </receiver>
194        <receiver
194-->[androidx.work:work-runtime:2.9.0] AndroidManifest.xml:110:9-121:20
195            android:name="androidx.work.impl.background.systemalarm.RescheduleReceiver"
195-->[androidx.work:work-runtime:2.9.0] AndroidManifest.xml:111:13-88
196            android:directBootAware="false"
196-->[androidx.work:work-runtime:2.9.0] AndroidManifest.xml:112:13-44
197            android:enabled="false"
197-->[androidx.work:work-runtime:2.9.0] AndroidManifest.xml:113:13-36
198            android:exported="false" >
198-->[androidx.work:work-runtime:2.9.0] AndroidManifest.xml:114:13-37
199            <intent-filter>
199-->[androidx.work:work-runtime:2.9.0] AndroidManifest.xml:116:13-120:29
200                <action android:name="android.intent.action.BOOT_COMPLETED" />
200-->[androidx.work:work-runtime:2.9.0] AndroidManifest.xml:117:17-79
200-->[androidx.work:work-runtime:2.9.0] AndroidManifest.xml:117:25-76
201                <action android:name="android.intent.action.TIME_SET" />
201-->[androidx.work:work-runtime:2.9.0] AndroidManifest.xml:118:17-73
201-->[androidx.work:work-runtime:2.9.0] AndroidManifest.xml:118:25-70
202                <action android:name="android.intent.action.TIMEZONE_CHANGED" />
202-->[androidx.work:work-runtime:2.9.0] AndroidManifest.xml:119:17-81
202-->[androidx.work:work-runtime:2.9.0] AndroidManifest.xml:119:25-78
203            </intent-filter>
204        </receiver>
205        <receiver
205-->[androidx.work:work-runtime:2.9.0] AndroidManifest.xml:122:9-131:20
206            android:name="androidx.work.impl.background.systemalarm.ConstraintProxyUpdateReceiver"
206-->[androidx.work:work-runtime:2.9.0] AndroidManifest.xml:123:13-99
207            android:directBootAware="false"
207-->[androidx.work:work-runtime:2.9.0] AndroidManifest.xml:124:13-44
208            android:enabled="@bool/enable_system_alarm_service_default"
208-->[androidx.work:work-runtime:2.9.0] AndroidManifest.xml:125:13-72
209            android:exported="false" >
209-->[androidx.work:work-runtime:2.9.0] AndroidManifest.xml:126:13-37
210            <intent-filter>
210-->[androidx.work:work-runtime:2.9.0] AndroidManifest.xml:128:13-130:29
211                <action android:name="androidx.work.impl.background.systemalarm.UpdateProxies" />
211-->[androidx.work:work-runtime:2.9.0] AndroidManifest.xml:129:17-98
211-->[androidx.work:work-runtime:2.9.0] AndroidManifest.xml:129:25-95
212            </intent-filter>
213        </receiver>
214        <receiver
214-->[androidx.work:work-runtime:2.9.0] AndroidManifest.xml:132:9-142:20
215            android:name="androidx.work.impl.diagnostics.DiagnosticsReceiver"
215-->[androidx.work:work-runtime:2.9.0] AndroidManifest.xml:133:13-78
216            android:directBootAware="false"
216-->[androidx.work:work-runtime:2.9.0] AndroidManifest.xml:134:13-44
217            android:enabled="true"
217-->[androidx.work:work-runtime:2.9.0] AndroidManifest.xml:135:13-35
218            android:exported="true"
218-->[androidx.work:work-runtime:2.9.0] AndroidManifest.xml:136:13-36
219            android:permission="android.permission.DUMP" >
219-->[androidx.work:work-runtime:2.9.0] AndroidManifest.xml:137:13-57
220            <intent-filter>
220-->[androidx.work:work-runtime:2.9.0] AndroidManifest.xml:139:13-141:29
221                <action android:name="androidx.work.diagnostics.REQUEST_DIAGNOSTICS" />
221-->[androidx.work:work-runtime:2.9.0] AndroidManifest.xml:140:17-88
221-->[androidx.work:work-runtime:2.9.0] AndroidManifest.xml:140:25-85
222            </intent-filter>
223        </receiver>
224
225        <service
225-->[androidx.room:room-runtime:2.5.0] AndroidManifest.xml:24:9-28:63
226            android:name="androidx.room.MultiInstanceInvalidationService"
226-->[androidx.room:room-runtime:2.5.0] AndroidManifest.xml:25:13-74
227            android:directBootAware="true"
227-->[androidx.room:room-runtime:2.5.0] AndroidManifest.xml:26:13-43
228            android:exported="false" />
228-->[androidx.room:room-runtime:2.5.0] AndroidManifest.xml:27:13-37
229
230        <receiver
230-->[androidx.profileinstaller:profileinstaller:1.3.0] AndroidManifest.xml:34:9-52:20
231            android:name="androidx.profileinstaller.ProfileInstallReceiver"
231-->[androidx.profileinstaller:profileinstaller:1.3.0] AndroidManifest.xml:35:13-76
232            android:directBootAware="false"
232-->[androidx.profileinstaller:profileinstaller:1.3.0] AndroidManifest.xml:36:13-44
233            android:enabled="true"
233-->[androidx.profileinstaller:profileinstaller:1.3.0] AndroidManifest.xml:37:13-35
234            android:exported="true"
234-->[androidx.profileinstaller:profileinstaller:1.3.0] AndroidManifest.xml:38:13-36
235            android:permission="android.permission.DUMP" >
235-->[androidx.profileinstaller:profileinstaller:1.3.0] AndroidManifest.xml:39:13-57
236            <intent-filter>
236-->[androidx.profileinstaller:profileinstaller:1.3.0] AndroidManifest.xml:40:13-42:29
237                <action android:name="androidx.profileinstaller.action.INSTALL_PROFILE" />
237-->[androidx.profileinstaller:profileinstaller:1.3.0] AndroidManifest.xml:41:17-91
237-->[androidx.profileinstaller:profileinstaller:1.3.0] AndroidManifest.xml:41:25-88
238            </intent-filter>
239            <intent-filter>
239-->[androidx.profileinstaller:profileinstaller:1.3.0] AndroidManifest.xml:43:13-45:29
240                <action android:name="androidx.profileinstaller.action.SKIP_FILE" />
240-->[androidx.profileinstaller:profileinstaller:1.3.0] AndroidManifest.xml:44:17-85
240-->[androidx.profileinstaller:profileinstaller:1.3.0] AndroidManifest.xml:44:25-82
241            </intent-filter>
242            <intent-filter>
242-->[androidx.profileinstaller:profileinstaller:1.3.0] AndroidManifest.xml:46:13-48:29
243                <action android:name="androidx.profileinstaller.action.SAVE_PROFILE" />
243-->[androidx.profileinstaller:profileinstaller:1.3.0] AndroidManifest.xml:47:17-88
243-->[androidx.profileinstaller:profileinstaller:1.3.0] AndroidManifest.xml:47:25-85
244            </intent-filter>
245            <intent-filter>
245-->[androidx.profileinstaller:profileinstaller:1.3.0] AndroidManifest.xml:49:13-51:29
246                <action android:name="androidx.profileinstaller.action.BENCHMARK_OPERATION" />
246-->[androidx.profileinstaller:profileinstaller:1.3.0] AndroidManifest.xml:50:17-95
246-->[androidx.profileinstaller:profileinstaller:1.3.0] AndroidManifest.xml:50:25-92
247            </intent-filter>
248        </receiver>
249    </application>
250
251</manifest>